<?xml version="1.0" encoding="UTF-8"?>
<!-- Generated by org.testng.reporters.JUnitReportReporter -->
<testsuite hostname="DESKTOP-6E75GLM" failures="0" tests="3" name="testCases.v1_page_id_components_component_id" time="4.460" errors="0" timestamp="2022-07-13T17:31:27 CEST" skipped="0">
  <testcase classname="testCases.v1_page_id_components_component_id" name="verifyGetSingleRecord" time="0.001"/>
  <system-out/>
  <testcase classname="testCases.v1_page_id_components_component_id" name="deleteRequest" time="2.287"/>
  <system-out/>
  <testcase classname="testCases.v1_page_id_components_component_id" name="verifyPutRequest" time="2.172"/>
  <system-out/>
</testsuite> <!-- testCases.v1_page_id_components_component_id -->
